<?xml version="1.0" encoding="UTF-8"?>
<!-- Generated by org.testng.reporters.JUnitXMLReporter -->
<testsuite hostname="PB-1FWCVP2" ignored="0" name="Test" tests="4" failures="0" timestamp="16 May 2019 06:12:28 GMT" time="0.054" errors="0">
  <testcase name="BrowserAutomation" time="0.0" classname="Pointsbet.SeleniumTest"/>
  <testcase name="elementONUI" time="0.0" classname="Pointsbet.SeleniumTest"/>
  <testcase name="depositOnline" time="0.002" classname="Pointsbet.RestAPITest"/>
  <testcase name="despoitThroughDebit" time="0.001" classname="Pointsbet.RestAPITest"/>
</testsuite> <!-- Test -->
