<?xml version="1.0" encoding="UTF-8"?>
<testng-results skipped="0" failed="0" total="4" passed="4">
  <reporter-output>
  </reporter-output>
  <suite name="Suite" duration-ms="29" started-at="2019-05-16T06:20:38Z" finished-at="2019-05-16T06:20:38Z">
    <groups>
    </groups>
    <test name="Test" duration-ms="29" started-at="2019-05-16T06:20:38Z" finished-at="2019-05-16T06:20:38Z">
      <class name="Pointsbet.RestAPITest">
        <test-method status="PASS" signature="depositOnline()[pri:0, instance:Pointsbet.RestAPITest@3cda1055]" name="depositOnline" duration-ms="0" started-at="2019-05-16T16:20:38Z" finished-at="2019-05-16T16:20:38Z">
          <reporter-output>
          </reporter-output>
        </test-method> <!-- depositOnline -->
        <test-method status="PASS" signature="despoitThroughDebit()[pri:0, instance:Pointsbet.RestAPITest@3cda1055]" name="despoitThroughDebit" duration-ms="0" started-at="2019-05-16T16:20:38Z" finished-at="2019-05-16T16:20:38Z">
          <reporter-output>
          </reporter-output>
        </test-method> <!-- despoitThroughDebit -->
      </class> <!-- Pointsbet.RestAPITest -->
      <class name="Pointsbet.SeleniumTest">
        <test-method status="PASS" signature="BrowserAutomation()[pri:0, instance:Pointsbet.SeleniumTest@21bcffb5]" name="BrowserAutomation" duration-ms="14" started-at="2019-05-16T16:20:38Z" finished-at="2019-05-16T16:20:38Z">
          <reporter-output>
          </reporter-output>
        </test-method> <!-- BrowserAutomation -->
        <test-method status="PASS" signature="elementONUI()[pri:0, instance:Pointsbet.SeleniumTest@21bcffb5]" name="elementONUI" duration-ms="0" started-at="2019-05-16T16:20:38Z" finished-at="2019-05-16T16:20:38Z">
          <reporter-output>
          </reporter-output>
        </test-method> <!-- elementONUI -->
      </class> <!-- Pointsbet.SeleniumTest -->
    </test> <!-- Test -->
  </suite> <!-- Suite -->
</testng-results>
