<?xml version="1.0" encoding="UTF-8"?>
<testng-results skipped="0" failed="0" ignored="0" total="1" passed="1">
  <reporter-output>
  </reporter-output>
  <suite name="Default suite" duration-ms="18165" started-at="2019-05-29T06:15:27Z" finished-at="2019-05-29T06:15:46Z">
    <groups>
      <group name="cucumber">
        <method signature="AbstractTestNGCucumberTests.feature(cucumber.api.testng.CucumberFeatureWrapper)[pri:0, instance:cucumberOption.TestRunner@64bf3bbf]" name="feature" class="cucumber.api.testng.AbstractTestNGCucumberTests"/>
      </group> <!-- cucumber -->
    </groups>
    <test name="Default test" duration-ms="18165" started-at="2019-05-29T06:15:27Z" finished-at="2019-05-29T06:15:46Z">
      <class name="cucumberOption.TestRunner">
        <test-method status="PASS" signature="setUpClass()[pri:0, instance:cucumberOption.TestRunner@64bf3bbf]" name="setUpClass" is-config="true" duration-ms="225" started-at="2019-05-29T06:15:27Z" finished-at="2019-05-29T06:15:28Z">
          <reporter-output>
          </reporter-output>
        </test-method> <!-- setUpClass -->
        <test-method status="PASS" signature="feature(cucumber.api.testng.CucumberFeatureWrapper)[pri:0, instance:cucumberOption.TestRunner@64bf3bbf]" name="feature" duration-ms="17843" started-at="2019-05-29T06:15:28Z" description="Runs Cucumber Feature" data-provider="features" finished-at="2019-05-29T06:15:46Z">
          <params>
            <param index="0">
              <value>
                <![CDATA[As a user I want to login into the application]]>
              </value>
            </param>
          </params>
          <reporter-output>
          </reporter-output>
        </test-method> <!-- feature -->
        <test-method status="PASS" signature="tearDownClass()[pri:0, instance:cucumberOption.TestRunner@64bf3bbf]" name="tearDownClass" is-config="true" duration-ms="5" started-at="2019-05-29T06:15:46Z" finished-at="2019-05-29T06:15:46Z">
          <reporter-output>
          </reporter-output>
        </test-method> <!-- tearDownClass -->
      </class> <!-- cucumberOption.TestRunner -->
    </test> <!-- Default test -->
  </suite> <!-- Default suite -->
</testng-results>
