<?xml version="1.0" encoding="UTF-8"?>
<testng-results skipped="0" failed="0" ignored="1" total="2" passed="1">
  <reporter-output>
  </reporter-output>
  <suite name="Default suite" duration-ms="7862" started-at="2019-05-28T03:20:25Z" finished-at="2019-05-28T03:20:33Z">
    <groups>
    </groups>
    <test name="Default test" duration-ms="7862" started-at="2019-05-28T03:20:25Z" finished-at="2019-05-28T03:20:33Z">
      <class name="Pointsbet.Login">
        <test-method status="PASS" signature="login()[pri:0, instance:Pointsbet.Login@523884b2]" name="login" duration-ms="7823" started-at="2019-05-28T03:20:25Z" finished-at="2019-05-28T03:20:33Z">
          <reporter-output>
          </reporter-output>
        </test-method> <!-- login -->
      </class> <!-- Pointsbet.Login -->
    </test> <!-- Default test -->
  </suite> <!-- Default suite -->
</testng-results>
